21-03-20_08:42:24.841327667 F_doTurb:g_1mi_src_dir=[/home/fusky/panwfarm/newtask/merge_tbn_30miDataFile/gen_tmp_srcfile/result],g_dst_result_dir=[/home/fusky/panwfarm/newtask/merge_tbn_30miDataFile/result]
21-03-20_08:42:24.866082843 F_doTurb:curDoFiles=[genwnd_1_20210320_08[012][0-9].cime],curDoRltFileName=[JIMENHE_HT_20210320_0800.DJ]
21-03-20_08:42:24.877589604 F_doTurb:g_1mi_basicCondition_num=[30],need_perEC_items=[30]
21-03-20_08:42:24.930519453 F_doTurb:doing Ec[0]/45----
21-03-20_08:42:25.653378528 F_doTurb:doing Ec[1]/45----
21-03-20_08:42:26.323621838 F_doTurb:doing Ec[2]/45----
21-03-20_08:42:27.014674742 F_doTurb:doing Ec[3]/45----
21-03-20_08:42:27.699763414 F_doTurb:doing Ec[4]/45----
21-03-20_08:42:28.374600236 F_doTurb:doing Ec[5]/45----
21-03-20_08:42:29.038522896 F_doTurb:doing Ec[6]/45----
21-03-20_08:42:29.700318980 F_doTurb:doing Ec[7]/45----
21-03-20_08:42:30.384105013 F_doTurb:doing Ec[8]/45----
21-03-20_08:42:31.048237875 F_doTurb:doing Ec[9]/45----
21-03-20_08:42:31.781404689 F_doTurb:doing Ec[10]/45----
21-03-20_08:42:32.451732357 F_doTurb:doing Ec[11]/45----
21-03-20_08:42:33.135600017 F_doTurb:doing Ec[12]/45----
21-03-20_08:42:33.812186673 F_doTurb:doing Ec[13]/45----
21-03-20_08:42:34.489142338 F_doTurb:doing Ec[14]/45----
21-03-20_08:42:35.167450684 F_doTurb:doing Ec[15]/45----
21-03-20_08:42:35.839947960 F_doTurb:doing Ec[16]/45----
21-03-20_08:42:36.513919948 F_doTurb:doing Ec[17]/45----
21-03-20_08:42:37.198599578 F_doTurb:doing Ec[18]/45----
21-03-20_08:42:37.873160721 F_doTurb:doing Ec[19]/45----
21-03-20_08:42:38.549059155 F_doTurb:doing Ec[20]/45----
21-03-20_08:42:39.218686314 F_doTurb:doing Ec[21]/45----
21-03-20_08:42:39.874526116 F_doTurb:doing Ec[22]/45----
21-03-20_08:42:40.541136083 F_doTurb:doing Ec[23]/45----
21-03-20_08:42:41.201198385 F_doTurb:doing Ec[24]/45----
21-03-20_08:42:41.873560135 F_doTurb:doing Ec[25]/45----
21-03-20_08:42:42.562094625 F_doTurb:doing Ec[26]/45----
21-03-20_08:42:43.232435204 F_doTurb:doing Ec[27]/45----
21-03-20_08:42:43.901540846 F_doTurb:doing Ec[28]/45----
21-03-20_08:42:44.578811589 F_doTurb:doing Ec[29]/45----
21-03-20_08:42:45.258239981 F_doTurb:doing Ec[30]/45----
21-03-20_08:42:45.919515447 F_doTurb:doing Ec[31]/45----
21-03-20_08:42:46.661912806 F_doTurb:doing Ec[32]/45----
21-03-20_08:42:47.380164254 F_doTurb:doing Ec[33]/45----
21-03-20_08:42:48.055877383 F_doTurb:doing Ec[34]/45----
21-03-20_08:42:48.708500052 F_doTurb:doing Ec[35]/45----
21-03-20_08:42:49.397715642 F_doTurb:doing Ec[36]/45----
21-03-20_08:42:50.053957269 F_doTurb:doing Ec[37]/45----
21-03-20_08:42:50.717360517 F_doTurb:doing Ec[38]/45----
21-03-20_08:42:51.380618051 F_doTurb:doing Ec[39]/45----
21-03-20_08:42:52.082808633 F_doTurb:doing Ec[40]/45----
21-03-20_08:42:52.744865394 F_doTurb:doing Ec[41]/45----
21-03-20_08:42:53.408045249 F_doTurb:doing Ec[42]/45----
21-03-20_08:42:54.125366526 F_doTurb:doing Ec[43]/45----
21-03-20_08:42:54.782918485 F_doTurb:doing Ec[44]/45----
21-03-20_08:42:55.424455329 F_doTurb:doing Ec[45]/45----
21-03-20_08:42:55.443654279 ERROR:F_doOneTurbByEcNo:[JIMENHE_HT_20210320_0800.DJ] genwnd_1_20210320_08[012][0-9].cime FJ EC=45 nums=27,need_perEC_items=[30],g_supp_miss_item=[1]
21-03-20_08:42:55.464780827 WARNING:F_fillMiss1miItem:replace time:EC=45 08:02 ---> 08:03
21-03-20_08:42:55.479912066 WARNING:F_fillMiss1miItem:replace time:EC=45 08:01 ---> 08:02
21-03-20_08:42:55.494102532 WARNING:F_fillMiss1miItem:replace time:EC=45 08:00 ---> 08:01
21-03-20_08:42:56.286602135 F_doTurb:[/home/fusky/panwfarm/newtask/merge_tbn_30miDataFile/result/JIMENHE_HT_20210320_0800.DJ] do complete!
21-03-20_08:42:56.313442250 The program runs a total of [ 32 ] seconds

21-03-20_08:49:47.728671628 F_doTurb:g_1mi_src_dir=[/home/fusky/panwfarm/newtask/merge_tbn_30miDataFile/gen_tmp_srcfile/result],g_dst_result_dir=[/home/fusky/panwfarm/newtask/merge_tbn_30miDataFile/result]
21-03-20_08:49:47.744778961 F_doTurb:curDoFiles=[genwnd_1_20210320_08[012][0-9].cime],curDoRltFileName=[JIMENHE_HT_20210320_0800.DJ]
21-03-20_08:49:47.759009960 F_doTurb:g_1mi_basicCondition_num=[30],need_perEC_items=[30]
21-03-20_08:49:47.793093841 F_doTurb:doing Ec[0]/45----
21-03-20_08:49:48.481029690 F_doTurb:doing Ec[1]/45----
21-03-20_08:49:49.180387905 F_doTurb:doing Ec[2]/45----
21-03-20_08:49:49.892671209 F_doTurb:doing Ec[3]/45----
21-03-20_08:49:50.688180547 F_doTurb:doing Ec[4]/45----
21-03-20_08:49:51.431946086 F_doTurb:doing Ec[5]/45----
21-03-20_08:49:52.132226288 F_doTurb:doing Ec[6]/45----
21-03-20_08:49:52.837908905 F_doTurb:doing Ec[7]/45----
21-03-20_08:49:53.538900150 F_doTurb:doing Ec[8]/45----
21-03-20_08:49:54.233942389 F_doTurb:doing Ec[9]/45----
21-03-20_08:49:54.922823298 F_doTurb:doing Ec[10]/45----
21-03-20_08:49:55.620509571 F_doTurb:doing Ec[11]/45----
21-03-20_08:49:56.299876597 F_doTurb:doing Ec[12]/45----
21-03-20_08:49:57.005812721 F_doTurb:doing Ec[13]/45----
21-03-20_08:49:57.701312445 F_doTurb:doing Ec[14]/45----
21-03-20_08:49:58.368187316 F_doTurb:doing Ec[15]/45----
21-03-20_08:49:59.054022221 F_doTurb:doing Ec[16]/45----
21-03-20_08:49:59.744415019 F_doTurb:doing Ec[17]/45----
21-03-20_08:50:00.436068772 F_doTurb:doing Ec[18]/45----
21-03-20_08:50:01.144789581 F_doTurb:doing Ec[19]/45----
21-03-20_08:50:01.832521935 F_doTurb:doing Ec[20]/45----
21-03-20_08:50:02.516759501 F_doTurb:doing Ec[21]/45----
21-03-20_08:50:03.217123139 F_doTurb:doing Ec[22]/45----
21-03-20_08:50:03.950039127 F_doTurb:doing Ec[23]/45----
21-03-20_08:50:04.659320140 F_doTurb:doing Ec[24]/45----
21-03-20_08:50:05.383251326 F_doTurb:doing Ec[25]/45----
21-03-20_08:50:06.069058244 F_doTurb:doing Ec[26]/45----
21-03-20_08:50:06.757293129 F_doTurb:doing Ec[27]/45----
21-03-20_08:50:07.445950601 F_doTurb:doing Ec[28]/45----
21-03-20_08:50:08.148616100 F_doTurb:doing Ec[29]/45----
21-03-20_08:50:08.827603145 F_doTurb:doing Ec[30]/45----
21-03-20_08:50:09.513462123 F_doTurb:doing Ec[31]/45----
21-03-20_08:50:10.205500319 F_doTurb:doing Ec[32]/45----
21-03-20_08:50:10.892324061 F_doTurb:doing Ec[33]/45----
21-03-20_08:50:11.572740764 F_doTurb:doing Ec[34]/45----
21-03-20_08:50:12.262246253 F_doTurb:doing Ec[35]/45----
21-03-20_08:50:12.937832523 F_doTurb:doing Ec[36]/45----
21-03-20_08:50:13.637424843 F_doTurb:doing Ec[37]/45----
21-03-20_08:50:14.323379790 F_doTurb:doing Ec[38]/45----
21-03-20_08:50:15.013793298 F_doTurb:doing Ec[39]/45----
21-03-20_08:50:15.699252726 F_doTurb:doing Ec[40]/45----
21-03-20_08:50:16.383405413 F_doTurb:doing Ec[41]/45----
21-03-20_08:50:17.052385791 F_doTurb:doing Ec[42]/45----
21-03-20_08:50:17.742835966 F_doTurb:doing Ec[43]/45----
21-03-20_08:50:18.456109576 F_doTurb:doing Ec[44]/45----
21-03-20_08:50:19.138077538 F_doTurb:doing Ec[45]/45----
21-03-20_08:50:19.157381831 ERROR:F_doOneTurbByEcNo:[JIMENHE_HT_20210320_0800.DJ] genwnd_1_20210320_08[012][0-9].cime FJ EC=45 nums=27,need_perEC_items=[30],g_supp_miss_item=[1]
21-03-20_08:50:19.196861826 WARNING:F_fillMiss1miItem:replace time:EC=45 08:03 ---> 08:02
21-03-20_08:50:19.214551785 WARNING:F_fillMiss1miItem:replace time:EC=45 08:02 ---> 08:01
21-03-20_08:50:19.230569103 WARNING:F_fillMiss1miItem:replace time:EC=45 08:01 ---> 08:00
21-03-20_08:50:19.989231001 F_doTurb:[/home/fusky/panwfarm/newtask/merge_tbn_30miDataFile/result/JIMENHE_HT_20210320_0800.DJ] do complete!
21-03-20_08:50:20.006888895 The program runs a total of [ 32 ] seconds

21-03-20_08:54:46.206789369 F_doTurb:g_1mi_src_dir=[/home/fusky/panwfarm/newtask/merge_tbn_30miDataFile/gen_tmp_srcfile/result],g_dst_result_dir=[/home/fusky/panwfarm/newtask/merge_tbn_30miDataFile/result]
21-03-20_08:54:46.221986352 F_doTurb:curDoFiles=[genwnd_1_20210320_08[012][0-9].cime],curDoRltFileName=[JIMENHE_HT_20210320_0800.DJ]
21-03-20_08:54:46.236888610 F_doTurb:g_1mi_basicCondition_num=[30],need_perEC_items=[30]
21-03-20_08:54:46.269813855 F_doTurb:doing Ec[0]/45----
21-03-20_08:54:46.953846831 F_doTurb:doing Ec[1]/45----
21-03-20_08:54:47.627012690 F_doTurb:doing Ec[2]/45----
21-03-20_08:54:48.321357564 F_doTurb:doing Ec[3]/45----
21-03-20_08:54:49.023545470 F_doTurb:doing Ec[4]/45----
21-03-20_08:54:49.758763430 F_doTurb:doing Ec[5]/45----
21-03-20_08:54:50.439847296 F_doTurb:doing Ec[6]/45----
21-03-20_08:54:51.128446526 F_doTurb:doing Ec[7]/45----
21-03-20_08:54:51.804327865 F_doTurb:doing Ec[8]/45----
21-03-20_08:54:52.506763144 F_doTurb:doing Ec[9]/45----
21-03-20_08:54:53.186908897 F_doTurb:doing Ec[10]/45----
21-03-20_08:54:53.878218045 F_doTurb:doing Ec[11]/45----
21-03-20_08:54:54.552990896 F_doTurb:doing Ec[12]/45----
21-03-20_08:54:55.253516214 F_doTurb:doing Ec[13]/45----
21-03-20_08:54:55.935361784 F_doTurb:doing Ec[14]/45----
21-03-20_08:54:56.622666092 F_doTurb:doing Ec[15]/45----
21-03-20_08:54:57.396416505 F_doTurb:doing Ec[16]/45----
21-03-20_08:54:58.102741816 F_doTurb:doing Ec[17]/45----
21-03-20_08:54:59.153936315 F_doTurb:doing Ec[18]/45----
21-03-20_08:54:59.866533972 F_doTurb:doing Ec[19]/45----
21-03-20_08:55:00.557727384 F_doTurb:doing Ec[20]/45----
21-03-20_08:55:01.257182410 F_doTurb:doing Ec[21]/45----
21-03-20_08:55:01.961595400 F_doTurb:doing Ec[22]/45----
21-03-20_08:55:02.640302835 F_doTurb:doing Ec[23]/45----
21-03-20_08:55:03.364484125 F_doTurb:doing Ec[24]/45----
21-03-20_08:55:04.054448911 F_doTurb:doing Ec[25]/45----
21-03-20_08:55:04.743826469 F_doTurb:doing Ec[26]/45----
21-03-20_08:55:05.427352072 F_doTurb:doing Ec[27]/45----
21-03-20_08:55:06.119896641 F_doTurb:doing Ec[28]/45----
21-03-20_08:55:06.799027589 F_doTurb:doing Ec[29]/45----
21-03-20_08:55:07.511795768 F_doTurb:doing Ec[30]/45----
21-03-20_08:55:08.188919655 F_doTurb:doing Ec[31]/45----
21-03-20_08:55:08.881635354 F_doTurb:doing Ec[32]/45----
21-03-20_08:55:09.572979211 F_doTurb:doing Ec[33]/45----
21-03-20_08:55:10.263322908 F_doTurb:doing Ec[34]/45----
21-03-20_08:55:10.938282856 F_doTurb:doing Ec[35]/45----
21-03-20_08:55:11.613542109 F_doTurb:doing Ec[36]/45----
21-03-20_08:55:12.322618934 F_doTurb:doing Ec[37]/45----
21-03-20_08:55:13.004045027 F_doTurb:doing Ec[38]/45----
21-03-20_08:55:13.693672725 F_doTurb:doing Ec[39]/45----
21-03-20_08:55:14.357262262 F_doTurb:doing Ec[40]/45----
21-03-20_08:55:15.055299204 F_doTurb:doing Ec[41]/45----
21-03-20_08:55:15.789595083 F_doTurb:doing Ec[42]/45----
21-03-20_08:55:15.813114801 ERROR:F_doOneTurbByEcNo:[JIMENHE_HT_20210320_0800.DJ] genwnd_1_20210320_08[012][0-9].cime FJ EC=42 nums=29,need_perEC_items=[30],g_supp_miss_item=[1]
21-03-20_08:55:15.886577585 WARNING:F_fillMiss1miItem:replace time:EC=42 08:28 ---> 08:29
21-03-20_08:55:16.602679358 F_doTurb:doing Ec[43]/45----
21-03-20_08:55:16.689153452 ERROR:F_doOneTurbByEcNo:[JIMENHE_HT_20210320_0800.DJ] genwnd_1_20210320_08[012][0-9].cime FJ EC=43 nums=29,need_perEC_items=[30],g_supp_miss_item=[1]
21-03-20_08:55:16.720959926 WARNING:F_fillMiss1miItem:replace time:EC=43 08:01 ---> 08:00
21-03-20_08:55:17.498474332 F_doTurb:doing Ec[44]/45----
21-03-20_08:55:18.229255278 F_doTurb:doing Ec[45]/45----
21-03-20_08:55:18.250422296 ERROR:F_doOneTurbByEcNo:[JIMENHE_HT_20210320_0800.DJ] genwnd_1_20210320_08[012][0-9].cime FJ EC=45 nums=27,need_perEC_items=[30],g_supp_miss_item=[1]
21-03-20_08:55:18.279510132 WARNING:F_fillMiss1miItem:replace time:EC=45 08:03 ---> 08:02
21-03-20_08:55:18.297288444 WARNING:F_fillMiss1miItem:replace time:EC=45 08:02 ---> 08:01
21-03-20_08:55:18.318685506 WARNING:F_fillMiss1miItem:replace time:EC=45 08:01 ---> 08:00
21-03-20_08:55:19.125521498 F_doTurb:[/home/fusky/panwfarm/newtask/merge_tbn_30miDataFile/result/JIMENHE_HT_20210320_0800.DJ] do complete!
21-03-20_08:55:19.148500769 The program runs a total of [ 33 ] seconds

